<?xml version="1.0" encoding="UTF-8"?>
<testng-results ignored="0" total="5" passed="4" failed="1" skipped="0">
  <reporter-output>
  </reporter-output>
  <suite started-at="2019-03-09T10:03:47Z" name="All Test Suite" finished-at="2019-03-09T10:05:20Z" duration-ms="92928">
    <groups>
    </groups>
    <test started-at="2019-03-09T10:03:47Z" name="Test - validate main page" finished-at="2019-03-09T10:04:18Z" duration-ms="31010">
      <class name="Sanity.validateMainPage">
        <test-method is-config="true" signature="initialize()[pri:0, instance:Sanity.validateMainPage@1b2c4efb]" started-at="2019-03-09T10:03:47Z" name="initialize" finished-at="2019-03-09T10:03:52Z" duration-ms="5703" status="PASS">
          <reporter-output>
          </reporter-output>
        </test-method> <!-- initialize -->
        <test-method signature="verifyCatNumber(java.lang.String)[pri:0, instance:Sanity.validateMainPage@1b2c4efb]" started-at="2019-03-09T10:03:52Z" name="verifyCatNumber" data-provider="getData" finished-at="2019-03-09T10:04:07Z" duration-ms="14736" status="PASS">
          <params>
            <param index="0">
              <value>
                <![CDATA[10]]>
              </value>
            </param>
          </params>
          <reporter-output>
          </reporter-output>
        </test-method> <!-- verifyCatNumber -->
        <test-method signature="verifyLegalNotices()[pri:0, instance:Sanity.validateMainPage@1b2c4efb]" started-at="2019-03-09T10:04:07Z" name="verifyLegalNotices" finished-at="2019-03-09T10:04:16Z" duration-ms="8440" status="PASS">
          <reporter-output>
          </reporter-output>
        </test-method> <!-- verifyLegalNotices -->
        <test-method is-config="true" signature="tearDown()[pri:0, instance:Sanity.validateMainPage@1b2c4efb]" started-at="2019-03-09T10:04:16Z" name="tearDown" finished-at="2019-03-09T10:04:18Z" duration-ms="2099" status="PASS">
          <reporter-output>
          </reporter-output>
        </test-method> <!-- tearDown -->
      </class> <!-- Sanity.validateMainPage -->
    </test> <!-- Test - validate main page -->
    <test started-at="2019-03-09T10:04:18Z" name="Test - validate side main page" finished-at="2019-03-09T10:04:30Z" duration-ms="12137">
      <class name="Sanity.validateSideMenuPage">
        <test-method is-config="true" signature="initialize()[pri:0, instance:Sanity.validateSideMenuPage@544820b7]" started-at="2019-03-09T10:04:18Z" name="initialize" finished-at="2019-03-09T10:04:22Z" duration-ms="4133" status="PASS">
          <reporter-output>
          </reporter-output>
        </test-method> <!-- initialize -->
        <test-method signature="basicTests(java.lang.String, java.lang.String)[pri:0, instance:Sanity.validateSideMenuPage@544820b7]" started-at="2019-03-09T10:04:22Z" name="basicTests" data-provider="getData" finished-at="2019-03-09T10:04:30Z" duration-ms="7734" status="FAIL">
          <params>
            <param index="0">
              <value>
                <![CDATA[12]]>
              </value>
            </param>
            <param index="1">
              <value>
                <![CDATA[8]]>
              </value>
            </param>
          </params>
          <exception class="java.lang.AssertionError">
            <message>
              <![CDATA[expected [12] but found [9]]]>
            </message>
            <full-stacktrace>
              <![CDATA[java.lang.AssertionError: expected [12] but found [9]
at org.testng.Assert.fail(Assert.java:96)
at org.testng.Assert.failNotEquals(Assert.java:776)
at org.testng.Assert.assertEqualsImpl(Assert.java:137)
at org.testng.Assert.assertEquals(Assert.java:118)
at org.testng.Assert.assertEquals(Assert.java:453)
at org.testng.Assert.assertEquals(Assert.java:463)
at Sanity.validateSideMenuPage.basicTests(validateSideMenuPage.java:36)
at java.base/jdk.internal.reflect.NativeMethodAccessorImpl.invoke0(Native Method)
at java.base/jdk.internal.reflect.NativeMethodAccessorImpl.invoke(NativeMethodAccessorImpl.java:62)
at java.base/jdk.internal.reflect.DelegatingMethodAccessorImpl.invoke(DelegatingMethodAccessorImpl.java:43)
at java.base/java.lang.reflect.Method.invoke(Method.java:564)
at org.testng.internal.MethodInvocationHelper.invokeMethod(MethodInvocationHelper.java:124)
at org.testng.internal.Invoker.invokeMethod(Invoker.java:583)
at org.testng.internal.Invoker.invokeTestMethod(Invoker.java:719)
at org.testng.internal.Invoker.invokeTestMethods(Invoker.java:989)
at org.testng.internal.TestMethodWorker.invokeTestMethods(TestMethodWorker.java:125)
at org.testng.internal.TestMethodWorker.run(TestMethodWorker.java:109)
at org.testng.TestRunner.privateRun(TestRunner.java:648)
at org.testng.TestRunner.run(TestRunner.java:505)
at org.testng.SuiteRunner.runTest(SuiteRunner.java:455)
at org.testng.SuiteRunner.runSequentially(SuiteRunner.java:450)
at org.testng.SuiteRunner.privateRun(SuiteRunner.java:415)
at org.testng.SuiteRunner.run(SuiteRunner.java:364)
at org.testng.SuiteRunnerWorker.runSuite(SuiteRunnerWorker.java:52)
at org.testng.SuiteRunnerWorker.run(SuiteRunnerWorker.java:84)
at org.testng.TestNG.runSuitesSequentially(TestNG.java:1208)
at org.testng.TestNG.runSuitesLocally(TestNG.java:1137)
at org.testng.TestNG.runSuites(TestNG.java:1049)
at org.testng.TestNG.run(TestNG.java:1017)
at org.apache.maven.surefire.testng.TestNGExecutor.run(TestNGExecutor.java:283)
at org.apache.maven.surefire.testng.TestNGXmlTestSuite.execute(TestNGXmlTestSuite.java:75)
at org.apache.maven.surefire.testng.TestNGProvider.invoke(TestNGProvider.java:120)
at org.apache.maven.surefire.booter.ForkedBooter.invokeProviderInSameClassLoader(ForkedBooter.java:384)
at org.apache.maven.surefire.booter.ForkedBooter.runSuitesInProcess(ForkedBooter.java:345)
at org.apache.maven.surefire.booter.ForkedBooter.execute(ForkedBooter.java:126)
at org.apache.maven.surefire.booter.ForkedBooter.main(ForkedBooter.java:418)
]]>
            </full-stacktrace>
          </exception> <!-- java.lang.AssertionError -->
          <reporter-output>
          </reporter-output>
        </test-method> <!-- basicTests -->
        <test-method is-config="true" signature="tearDown()[pri:0, instance:Sanity.validateSideMenuPage@544820b7]" started-at="2019-03-09T10:04:30Z" name="tearDown" finished-at="2019-03-09T10:04:30Z" duration-ms="259" status="PASS">
          <reporter-output>
          </reporter-output>
        </test-method> <!-- tearDown -->
      </class> <!-- Sanity.validateSideMenuPage -->
    </test> <!-- Test - validate side main page -->
    <test started-at="2019-03-09T10:04:30Z" name="Test - validate Football page" finished-at="2019-03-09T10:04:53Z" duration-ms="22746">
      <class name="Sanity.validateFootballPageTest">
        <test-method is-config="true" signature="initialize()[pri:0, instance:Sanity.validateFootballPageTest@54a67a45]" started-at="2019-03-09T10:04:30Z" name="initialize" finished-at="2019-03-09T10:04:34Z" duration-ms="3956" status="PASS">
          <reporter-output>
          </reporter-output>
        </test-method> <!-- initialize -->
        <test-method signature="basicTests(java.lang.String)[pri:0, instance:Sanity.validateFootballPageTest@54a67a45]" started-at="2019-03-09T10:04:34Z" name="basicTests" data-provider="getData" finished-at="2019-03-09T10:04:51Z" duration-ms="16679" status="PASS">
          <params>
            <param index="0">
              <value>
                <![CDATA[9]]>
              </value>
            </param>
          </params>
          <reporter-output>
          </reporter-output>
        </test-method> <!-- basicTests -->
        <test-method is-config="true" signature="tearDown()[pri:0, instance:Sanity.validateFootballPageTest@54a67a45]" started-at="2019-03-09T10:04:51Z" name="tearDown" finished-at="2019-03-09T10:04:53Z" duration-ms="2110" status="PASS">
          <reporter-output>
          </reporter-output>
        </test-method> <!-- tearDown -->
      </class> <!-- Sanity.validateFootballPageTest -->
    </test> <!-- Test - validate Football page -->
    <test started-at="2019-03-09T10:04:53Z" name="Test - validate Premier League Football page" finished-at="2019-03-09T10:05:20Z" duration-ms="26709">
      <class name="Sanity.validatePremierLeaguePage">
        <test-method is-config="true" signature="initialize()[pri:0, instance:Sanity.validatePremierLeaguePage@23d1e5d0]" started-at="2019-03-09T10:04:53Z" name="initialize" finished-at="2019-03-09T10:04:57Z" duration-ms="3695" status="PASS">
          <reporter-output>
          </reporter-output>
        </test-method> <!-- initialize -->
        <test-method signature="randomTests(java.lang.String)[pri:0, instance:Sanity.validatePremierLeaguePage@23d1e5d0]" started-at="2019-03-09T10:04:57Z" name="randomTests" data-provider="getData" finished-at="2019-03-09T10:05:17Z" duration-ms="20665" status="PASS">
          <params>
            <param index="0">
              <value>
                <![CDATA[5]]>
              </value>
            </param>
          </params>
          <reporter-output>
          </reporter-output>
        </test-method> <!-- randomTests -->
        <test-method is-config="true" signature="tearDown()[pri:0, instance:Sanity.validatePremierLeaguePage@23d1e5d0]" started-at="2019-03-09T10:05:17Z" name="tearDown" finished-at="2019-03-09T10:05:20Z" duration-ms="2348" status="PASS">
          <reporter-output>
          </reporter-output>
        </test-method> <!-- tearDown -->
      </class> <!-- Sanity.validatePremierLeaguePage -->
    </test> <!-- Test - validate Premier League Football page -->
  </suite> <!-- All Test Suite -->
</testng-results>
